<component name="libraryTable">
  <library name="jUnit">
    <CLASSES>
      <root url="jar://$PROJECT_DIR$/jUnitLibrary/apiguardian-api-1.1.2.jar!/" />
      <root url="jar://$PROJECT_DIR$/jUnitLibrary/junit-jupiter-api-5.11.3.jar!/" />
      <root url="jar://$PROJECT_DIR$/jUnitLibrary/junit-platform-commons-1.11.3.jar!/" />
      <root url="jar://$PROJECT_DIR$/jUnitLibrary/opentest4j-1.3.0.jar!/" />
    </CLASSES>
    <JAVADOC />
    <SOURCES />
  </library>
</component>